<?xml version="1.0" encoding="UTF-8"?>
<testng-results retried="9" ignored="9" total="24" passed="3" failed="3" skipped="0">
  <reporter-output>
    <line>
      <![CDATA[===EXECUTION STARTED===]]>
    </line>
    <line>
      <![CDATA[== THIS IS EXECUTING IN HEADLESS MODE]]>
    </line>
    <line>
      <![CDATA[===EXECUTION STARTED===]]>
    </line>
    <line>
      <![CDATA[== THIS IS EXECUTING IN HEADLESS MODE]]>
    </line>
    <line>
      <![CDATA[===EXECUTION STARTED===]]>
    </line>
    <line>
      <![CDATA[== THIS IS EXECUTING IN HEADLESS MODE]]>
    </line>
    <line>
      <![CDATA[== IT IS EXECUTING IN CHROME BROWSER==]]>
    </line>
    <line>
      <![CDATA[== IT IS EXECUTING IN FireFox BROWSER==]]>
    </line>
    <line>
      <![CDATA[===verifyRegisterPageEXECUTION STARTED====]]>
    </line>
    <line>
      <![CDATA[== IT IS EXECUTING IN Edge BROWSER==]]>
    </line>
    <line>
      <![CDATA[===verifyRegisterPageEXECUTION STARTED====]]>
    </line>
    <line>
      <![CDATA[===verifyRegisterPagePASSED===]]>
    </line>
    <line>
      <![CDATA[===verifyRegisterPagePASSED===]]>
    </line>
    <line>
      <![CDATA[===verifyRegisterPageEXECUTION STARTED====]]>
    </line>
    <line>
      <![CDATA[===verifyRegisterPagePASSED===]]>
    </line>
    <line>
      <![CDATA[== THIS IS EXECUTING IN HEADLESS MODE]]>
    </line>
    <line>
      <![CDATA[== THIS IS EXECUTING IN HEADLESS MODE]]>
    </line>
    <line>
      <![CDATA[== THIS IS EXECUTING IN HEADLESS MODE]]>
    </line>
    <line>
      <![CDATA[== IT IS EXECUTING IN CHROME BROWSER==]]>
    </line>
    <line>
      <![CDATA[===resgisterShopperEXECUTION STARTED====]]>
    </line>
    <line>
      <![CDATA[== IT IS EXECUTING IN Edge BROWSER==]]>
    </line>
    <line>
      <![CDATA[== IT IS EXECUTING IN FireFox BROWSER==]]>
    </line>
    <line>
      <![CDATA[===resgisterShopperEXECUTION STARTED====]]>
    </line>
    <line>
      <![CDATA[===resgisterShopperEXECUTION STARTED====]]>
    </line>
    <line>
      <![CDATA[===resgisterShopperSKIPPED===]]>
    </line>
    <line>
      <![CDATA[===resgisterShopperSKIPPED===]]>
    </line>
    <line>
      <![CDATA[===resgisterShopperSKIPPED===]]>
    </line>
    <line>
      <![CDATA[== THIS IS EXECUTING IN HEADLESS MODE]]>
    </line>
    <line>
      <![CDATA[== THIS IS EXECUTING IN HEADLESS MODE]]>
    </line>
    <line>
      <![CDATA[== IT IS EXECUTING IN CHROME BROWSER==]]>
    </line>
    <line>
      <![CDATA[== THIS IS EXECUTING IN HEADLESS MODE]]>
    </line>
    <line>
      <![CDATA[== IT IS EXECUTING IN Edge BROWSER==]]>
    </line>
    <line>
      <![CDATA[===resgisterShopperEXECUTION STARTED====]]>
    </line>
    <line>
      <![CDATA[===resgisterShopperEXECUTION STARTED====]]>
    </line>
    <line>
      <![CDATA[== IT IS EXECUTING IN FireFox BROWSER==]]>
    </line>
    <line>
      <![CDATA[===resgisterShopperSKIPPED===]]>
    </line>
    <line>
      <![CDATA[===resgisterShopperSKIPPED===]]>
    </line>
    <line>
      <![CDATA[===resgisterShopperEXECUTION STARTED====]]>
    </line>
    <line>
      <![CDATA[== THIS IS EXECUTING IN HEADLESS MODE]]>
    </line>
    <line>
      <![CDATA[== THIS IS EXECUTING IN HEADLESS MODE]]>
    </line>
    <line>
      <![CDATA[===resgisterShopperSKIPPED===]]>
    </line>
    <line>
      <![CDATA[== IT IS EXECUTING IN CHROME BROWSER==]]>
    </line>
    <line>
      <![CDATA[== IT IS EXECUTING IN Edge BROWSER==]]>
    </line>
    <line>
      <![CDATA[===resgisterShopperEXECUTION STARTED====]]>
    </line>
    <line>
      <![CDATA[== THIS IS EXECUTING IN HEADLESS MODE]]>
    </line>
    <line>
      <![CDATA[===resgisterShopperEXECUTION STARTED====]]>
    </line>
    <line>
      <![CDATA[== IT IS EXECUTING IN FireFox BROWSER==]]>
    </line>
    <line>
      <![CDATA[===resgisterShopperSKIPPED===]]>
    </line>
    <line>
      <![CDATA[===resgisterShopperEXECUTION STARTED====]]>
    </line>
    <line>
      <![CDATA[===resgisterShopperSKIPPED===]]>
    </line>
    <line>
      <![CDATA[== THIS IS EXECUTING IN HEADLESS MODE]]>
    </line>
    <line>
      <![CDATA[== IT IS EXECUTING IN Edge BROWSER==]]>
    </line>
    <line>
      <![CDATA[== THIS IS EXECUTING IN HEADLESS MODE]]>
    </line>
    <line>
      <![CDATA[===resgisterShopperSKIPPED===]]>
    </line>
    <line>
      <![CDATA[===resgisterShopperEXECUTION STARTED====]]>
    </line>
    <line>
      <![CDATA[== IT IS EXECUTING IN CHROME BROWSER==]]>
    </line>
    <line>
      <![CDATA[== THIS IS EXECUTING IN HEADLESS MODE]]>
    </line>
    <line>
      <![CDATA[===resgisterShopperEXECUTION STARTED====]]>
    </line>
    <line>
      <![CDATA[== IT IS EXECUTING IN FireFox BROWSER==]]>
    </line>
    <line>
      <![CDATA[===resgisterShopperFAILED===]]>
    </line>
    <line>
      <![CDATA[===resgisterShopperFAILED===]]>
    </line>
    <line>
      <![CDATA[===resgisterShopperEXECUTION STARTED====]]>
    </line>
    <line>
      <![CDATA[===resgisterShopperFAILED===]]>
    </line>
  </reporter-output>
  <suite started-at="2026-06-26T14:12:02 IST" name="Parallel Execution" finished-at="2026-06-26T14:13:34 IST" duration-ms="92023">
    <groups>
    </groups>
    <test started-at="2026-06-26T14:12:02 IST" name="edgeBrowser" finished-at="2026-06-26T14:13:29 IST" duration-ms="86443">
      <class name="com.qa.demoshop.tests.RegisterTest">
        <test-method is-config="true" signature="setUp(java.lang.String)[pri:0, instance:com.qa.demoshop.tests.RegisterTest@4c012563]" started-at="2026-06-26T14:12:03 IST" name="setUp" finished-at="2026-06-26T14:12:29 IST" duration-ms="26614" status="PASS">
          <params>
            <param index="0">
              <value>
                <![CDATA[edge]]>
              </value>
            </param>
          </params>
          <reporter-output>
            <line>
              <![CDATA[== THIS IS EXECUTING IN HEADLESS MODE]]>
            </line>
            <line>
              <![CDATA[== IT IS EXECUTING IN Edge BROWSER==]]>
            </line>
          </reporter-output>
        </test-method> <!-- setUp -->
        <test-method signature="verifyRegisterPage()[pri:0, instance:com.qa.demoshop.tests.RegisterTest@4c012563]" started-at="2026-06-26T14:12:29 IST" name="verifyRegisterPage" finished-at="2026-06-26T14:12:31 IST" duration-ms="1266" status="PASS">
          <reporter-output>
            <line>
              <![CDATA[===verifyRegisterPageEXECUTION STARTED====]]>
            </line>
            <line>
              <![CDATA[===verifyRegisterPagePASSED===]]>
            </line>
          </reporter-output>
        </test-method> <!-- verifyRegisterPage -->
        <test-method is-config="true" signature="tearDown()[pri:0, instance:com.qa.demoshop.tests.RegisterTest@4c012563]" started-at="2026-06-26T14:12:31 IST" name="tearDown" finished-at="2026-06-26T14:12:32 IST" duration-ms="794" status="PASS">
          <reporter-output>
          </reporter-output>
        </test-method> <!-- tearDown -->
        <test-method is-config="true" signature="setUp(java.lang.String)[pri:0, instance:com.qa.demoshop.tests.RegisterTest@4c012563]" started-at="2026-06-26T14:12:32 IST" name="setUp" finished-at="2026-06-26T14:12:41 IST" duration-ms="9066" status="PASS">
          <params>
            <param index="0">
              <value>
                <![CDATA[edge]]>
              </value>
            </param>
          </params>
          <reporter-output>
            <line>
              <![CDATA[== THIS IS EXECUTING IN HEADLESS MODE]]>
            </line>
            <line>
              <![CDATA[== IT IS EXECUTING IN Edge BROWSER==]]>
            </line>
          </reporter-output>
        </test-method> <!-- setUp -->
        <test-method retried="true" signature="resgisterShopper()[pri:1, instance:com.qa.demoshop.tests.RegisterTest@4c012563]" started-at="2026-06-26T14:12:41 IST" name="resgisterShopper" finished-at="2026-06-26T14:12:48 IST" duration-ms="7604" status="SKIP">
          <exception class="java.lang.AssertionError">
            <message>
              <![CDATA[null]]>
            </message>
            <full-stacktrace>
              <![CDATA[java.lang.AssertionError: null
at org.testng.Assert.fail(Assert.java:111)
at org.testng.Assert.fail(Assert.java:116)
at com.qa.demoshop.tests.RegisterTest.resgisterShopper(RegisterTest.java:56)
at java.base/jdk.internal.reflect.NativeMethodAccessorImpl.invoke0(Native Method)
at java.base/jdk.internal.reflect.NativeMethodAccessorImpl.invoke(NativeMethodAccessorImpl.java:77)
at java.base/jdk.internal.reflect.DelegatingMethodAccessorImpl.invoke(DelegatingMethodAccessorImpl.java:43)
at java.base/java.lang.reflect.Method.invoke(Method.java:568)
at org.testng.internal.invokers.MethodInvocationHelper.invokeMethod(MethodInvocationHelper.java:141)
at org.testng.internal.invokers.TestInvoker.invokeMethod(TestInvoker.java:687)
at org.testng.internal.invokers.TestInvoker.invokeTestMethod(TestInvoker.java:230)
at org.testng.internal.invokers.MethodRunner.runInSequence(MethodRunner.java:63)
at org.testng.internal.invokers.TestInvoker$MethodInvocationAgent.invoke(TestInvoker.java:995)
at org.testng.internal.invokers.TestInvoker.invokeTestMethods(TestInvoker.java:203)
at org.testng.internal.invokers.TestMethodWorker.invokeTestMethods(TestMethodWorker.java:154)
at org.testng.internal.invokers.TestMethodWorker.run(TestMethodWorker.java:134)
at java.base/java.util.ArrayList.forEach(ArrayList.java:1511)
at org.testng.TestRunner.privateRun(TestRunner.java:741)
at org.testng.TestRunner.run(TestRunner.java:616)
at org.testng.SuiteRunner.runTest(SuiteRunner.java:421)
at org.testng.SuiteRunner$SuiteWorker.run(SuiteRunner.java:463)
at org.testng.internal.thread.ThreadUtil.lambda$execute$0(ThreadUtil.java:64)
at java.base/java.util.concurrent.FutureTask.run(FutureTask.java:264)
at java.base/java.util.concurrent.ThreadPoolExecutor.runWorker(ThreadPoolExecutor.java:1136)
at java.base/java.util.concurrent.ThreadPoolExecutor$Worker.run(ThreadPoolExecutor.java:635)
at java.base/java.lang.Thread.run(Thread.java:842)
]]>
            </full-stacktrace>
          </exception> <!-- java.lang.AssertionError -->
          <reporter-output>
            <line>
              <![CDATA[===resgisterShopperEXECUTION STARTED====]]>
            </line>
            <line>
              <![CDATA[===resgisterShopperSKIPPED===]]>
            </line>
          </reporter-output>
        </test-method> <!-- resgisterShopper -->
        <test-method is-config="true" signature="tearDown()[pri:0, instance:com.qa.demoshop.tests.RegisterTest@4c012563]" started-at="2026-06-26T14:12:49 IST" name="tearDown" finished-at="2026-06-26T14:12:50 IST" duration-ms="1285" status="PASS">
          <reporter-output>
          </reporter-output>
        </test-method> <!-- tearDown -->
        <test-method is-config="true" signature="setUp(java.lang.String)[pri:0, instance:com.qa.demoshop.tests.RegisterTest@4c012563]" started-at="2026-06-26T14:12:50 IST" name="setUp" finished-at="2026-06-26T14:12:56 IST" duration-ms="6098" status="PASS">
          <params>
            <param index="0">
              <value>
                <![CDATA[edge]]>
              </value>
            </param>
          </params>
          <reporter-output>
            <line>
              <![CDATA[== THIS IS EXECUTING IN HEADLESS MODE]]>
            </line>
            <line>
              <![CDATA[== IT IS EXECUTING IN Edge BROWSER==]]>
            </line>
          </reporter-output>
        </test-method> <!-- setUp -->
        <test-method retried="true" signature="resgisterShopper()[pri:1, instance:com.qa.demoshop.tests.RegisterTest@4c012563]" started-at="2026-06-26T14:12:56 IST" name="resgisterShopper" finished-at="2026-06-26T14:13:00 IST" duration-ms="4087" status="SKIP">
          <exception class="java.lang.AssertionError">
            <message>
              <![CDATA[null]]>
            </message>
            <full-stacktrace>
              <![CDATA[java.lang.AssertionError: null
at org.testng.Assert.fail(Assert.java:111)
at org.testng.Assert.fail(Assert.java:116)
at com.qa.demoshop.tests.RegisterTest.resgisterShopper(RegisterTest.java:56)
at java.base/jdk.internal.reflect.NativeMethodAccessorImpl.invoke0(Native Method)
at java.base/jdk.internal.reflect.NativeMethodAccessorImpl.invoke(NativeMethodAccessorImpl.java:77)
at java.base/jdk.internal.reflect.DelegatingMethodAccessorImpl.invoke(DelegatingMethodAccessorImpl.java:43)
at java.base/java.lang.reflect.Method.invoke(Method.java:568)
at org.testng.internal.invokers.MethodInvocationHelper.invokeMethod(MethodInvocationHelper.java:141)
at org.testng.internal.invokers.TestInvoker.invokeMethod(TestInvoker.java:687)
at org.testng.internal.invokers.TestInvoker.retryFailed(TestInvoker.java:269)
at org.testng.internal.invokers.MethodRunner.runInSequence(MethodRunner.java:76)
at org.testng.internal.invokers.TestInvoker$MethodInvocationAgent.invoke(TestInvoker.java:995)
at org.testng.internal.invokers.TestInvoker.invokeTestMethods(TestInvoker.java:203)
at org.testng.internal.invokers.TestMethodWorker.invokeTestMethods(TestMethodWorker.java:154)
at org.testng.internal.invokers.TestMethodWorker.run(TestMethodWorker.java:134)
at java.base/java.util.ArrayList.forEach(ArrayList.java:1511)
at org.testng.TestRunner.privateRun(TestRunner.java:741)
at org.testng.TestRunner.run(TestRunner.java:616)
at org.testng.SuiteRunner.runTest(SuiteRunner.java:421)
at org.testng.SuiteRunner$SuiteWorker.run(SuiteRunner.java:463)
at org.testng.internal.thread.ThreadUtil.lambda$execute$0(ThreadUtil.java:64)
at java.base/java.util.concurrent.FutureTask.run(FutureTask.java:264)
at java.base/java.util.concurrent.ThreadPoolExecutor.runWorker(ThreadPoolExecutor.java:1136)
at java.base/java.util.concurrent.ThreadPoolExecutor$Worker.run(ThreadPoolExecutor.java:635)
at java.base/java.lang.Thread.run(Thread.java:842)
]]>
            </full-stacktrace>
          </exception> <!-- java.lang.AssertionError -->
          <reporter-output>
            <line>
              <![CDATA[===resgisterShopperEXECUTION STARTED====]]>
            </line>
            <line>
              <![CDATA[===resgisterShopperSKIPPED===]]>
            </line>
          </reporter-output>
        </test-method> <!-- resgisterShopper -->
        <test-method is-config="true" signature="tearDown()[pri:0, instance:com.qa.demoshop.tests.RegisterTest@4c012563]" started-at="2026-06-26T14:13:00 IST" name="tearDown" finished-at="2026-06-26T14:13:02 IST" duration-ms="1943" status="PASS">
          <reporter-output>
          </reporter-output>
        </test-method> <!-- tearDown -->
        <test-method is-config="true" signature="setUp(java.lang.String)[pri:0, instance:com.qa.demoshop.tests.RegisterTest@4c012563]" started-at="2026-06-26T14:13:02 IST" name="setUp" finished-at="2026-06-26T14:13:06 IST" duration-ms="3595" status="PASS">
          <params>
            <param index="0">
              <value>
                <![CDATA[edge]]>
              </value>
            </param>
          </params>
          <reporter-output>
            <line>
              <![CDATA[== THIS IS EXECUTING IN HEADLESS MODE]]>
            </line>
            <line>
              <![CDATA[== IT IS EXECUTING IN Edge BROWSER==]]>
            </line>
          </reporter-output>
        </test-method> <!-- setUp -->
        <test-method retried="true" signature="resgisterShopper()[pri:1, instance:com.qa.demoshop.tests.RegisterTest@4c012563]" started-at="2026-06-26T14:13:06 IST" name="resgisterShopper" finished-at="2026-06-26T14:13:15 IST" duration-ms="9151" status="SKIP">
          <exception class="java.lang.AssertionError">
            <message>
              <![CDATA[null]]>
            </message>
            <full-stacktrace>
              <![CDATA[java.lang.AssertionError: null
at org.testng.Assert.fail(Assert.java:111)
at org.testng.Assert.fail(Assert.java:116)
at com.qa.demoshop.tests.RegisterTest.resgisterShopper(RegisterTest.java:56)
at java.base/jdk.internal.reflect.NativeMethodAccessorImpl.invoke0(Native Method)
at java.base/jdk.internal.reflect.NativeMethodAccessorImpl.invoke(NativeMethodAccessorImpl.java:77)
at java.base/jdk.internal.reflect.DelegatingMethodAccessorImpl.invoke(DelegatingMethodAccessorImpl.java:43)
at java.base/java.lang.reflect.Method.invoke(Method.java:568)
at org.testng.internal.invokers.MethodInvocationHelper.invokeMethod(MethodInvocationHelper.java:141)
at org.testng.internal.invokers.TestInvoker.invokeMethod(TestInvoker.java:687)
at org.testng.internal.invokers.TestInvoker.retryFailed(TestInvoker.java:269)
at org.testng.internal.invokers.MethodRunner.runInSequence(MethodRunner.java:76)
at org.testng.internal.invokers.TestInvoker$MethodInvocationAgent.invoke(TestInvoker.java:995)
at org.testng.internal.invokers.TestInvoker.invokeTestMethods(TestInvoker.java:203)
at org.testng.internal.invokers.TestMethodWorker.invokeTestMethods(TestMethodWorker.java:154)
at org.testng.internal.invokers.TestMethodWorker.run(TestMethodWorker.java:134)
at java.base/java.util.ArrayList.forEach(ArrayList.java:1511)
at org.testng.TestRunner.privateRun(TestRunner.java:741)
at org.testng.TestRunner.run(TestRunner.java:616)
at org.testng.SuiteRunner.runTest(SuiteRunner.java:421)
at org.testng.SuiteRunner$SuiteWorker.run(SuiteRunner.java:463)
at org.testng.internal.thread.ThreadUtil.lambda$execute$0(ThreadUtil.java:64)
at java.base/java.util.concurrent.FutureTask.run(FutureTask.java:264)
at java.base/java.util.concurrent.ThreadPoolExecutor.runWorker(ThreadPoolExecutor.java:1136)
at java.base/java.util.concurrent.ThreadPoolExecutor$Worker.run(ThreadPoolExecutor.java:635)
at java.base/java.lang.Thread.run(Thread.java:842)
]]>
            </full-stacktrace>
          </exception> <!-- java.lang.AssertionError -->
          <reporter-output>
            <line>
              <![CDATA[===resgisterShopperEXECUTION STARTED====]]>
            </line>
            <line>
              <![CDATA[===resgisterShopperSKIPPED===]]>
            </line>
          </reporter-output>
        </test-method> <!-- resgisterShopper -->
        <test-method is-config="true" signature="tearDown()[pri:0, instance:com.qa.demoshop.tests.RegisterTest@4c012563]" started-at="2026-06-26T14:13:15 IST" name="tearDown" finished-at="2026-06-26T14:13:16 IST" duration-ms="1103" status="PASS">
          <reporter-output>
          </reporter-output>
        </test-method> <!-- tearDown -->
        <test-method is-config="true" signature="setUp(java.lang.String)[pri:0, instance:com.qa.demoshop.tests.RegisterTest@4c012563]" started-at="2026-06-26T14:13:16 IST" name="setUp" finished-at="2026-06-26T14:13:20 IST" duration-ms="3736" status="PASS">
          <params>
            <param index="0">
              <value>
                <![CDATA[edge]]>
              </value>
            </param>
          </params>
          <reporter-output>
            <line>
              <![CDATA[== THIS IS EXECUTING IN HEADLESS MODE]]>
            </line>
            <line>
              <![CDATA[== IT IS EXECUTING IN Edge BROWSER==]]>
            </line>
          </reporter-output>
        </test-method> <!-- setUp -->
        <test-method signature="resgisterShopper()[pri:1, instance:com.qa.demoshop.tests.RegisterTest@4c012563]" started-at="2026-06-26T14:13:20 IST" name="resgisterShopper" finished-at="2026-06-26T14:13:27 IST" duration-ms="7280" status="FAIL">
          <exception class="java.lang.AssertionError">
            <message>
              <![CDATA[null]]>
            </message>
            <full-stacktrace>
              <![CDATA[java.lang.AssertionError: null
at org.testng.Assert.fail(Assert.java:111)
at org.testng.Assert.fail(Assert.java:116)
at com.qa.demoshop.tests.RegisterTest.resgisterShopper(RegisterTest.java:56)
at java.base/jdk.internal.reflect.NativeMethodAccessorImpl.invoke0(Native Method)
at java.base/jdk.internal.reflect.NativeMethodAccessorImpl.invoke(NativeMethodAccessorImpl.java:77)
at java.base/jdk.internal.reflect.DelegatingMethodAccessorImpl.invoke(DelegatingMethodAccessorImpl.java:43)
at java.base/java.lang.reflect.Method.invoke(Method.java:568)
at org.testng.internal.invokers.MethodInvocationHelper.invokeMethod(MethodInvocationHelper.java:141)
at org.testng.internal.invokers.TestInvoker.invokeMethod(TestInvoker.java:687)
at org.testng.internal.invokers.TestInvoker.retryFailed(TestInvoker.java:269)
at org.testng.internal.invokers.MethodRunner.runInSequence(MethodRunner.java:76)
at org.testng.internal.invokers.TestInvoker$MethodInvocationAgent.invoke(TestInvoker.java:995)
at org.testng.internal.invokers.TestInvoker.invokeTestMethods(TestInvoker.java:203)
at org.testng.internal.invokers.TestMethodWorker.invokeTestMethods(TestMethodWorker.java:154)
at org.testng.internal.invokers.TestMethodWorker.run(TestMethodWorker.java:134)
at java.base/java.util.ArrayList.forEach(ArrayList.java:1511)
at org.testng.TestRunner.privateRun(TestRunner.java:741)
at org.testng.TestRunner.run(TestRunner.java:616)
at org.testng.SuiteRunner.runTest(SuiteRunner.java:421)
at org.testng.SuiteRunner$SuiteWorker.run(SuiteRunner.java:463)
at org.testng.internal.thread.ThreadUtil.lambda$execute$0(ThreadUtil.java:64)
at java.base/java.util.concurrent.FutureTask.run(FutureTask.java:264)
at java.base/java.util.concurrent.ThreadPoolExecutor.runWorker(ThreadPoolExecutor.java:1136)
at java.base/java.util.concurrent.ThreadPoolExecutor$Worker.run(ThreadPoolExecutor.java:635)
at java.base/java.lang.Thread.run(Thread.java:842)
]]>
            </full-stacktrace>
          </exception> <!-- java.lang.AssertionError -->
          <reporter-output>
            <line>
              <![CDATA[===resgisterShopperEXECUTION STARTED====]]>
            </line>
            <line>
              <![CDATA[===resgisterShopperFAILED===]]>
            </line>
          </reporter-output>
        </test-method> <!-- resgisterShopper -->
        <test-method is-config="true" signature="tearDown()[pri:0, instance:com.qa.demoshop.tests.RegisterTest@4c012563]" started-at="2026-06-26T14:13:27 IST" name="tearDown" finished-at="2026-06-26T14:13:29 IST" duration-ms="1720" status="PASS">
          <reporter-output>
          </reporter-output>
        </test-method> <!-- tearDown -->
      </class> <!-- com.qa.demoshop.tests.RegisterTest -->
    </test> <!-- edgeBrowser -->
    <test started-at="2026-06-26T14:12:02 IST" name="ChromeBrowser" finished-at="2026-06-26T14:13:32 IST" duration-ms="89390">
      <class name="com.qa.demoshop.tests.RegisterTest">
        <test-method is-config="true" signature="setUp(java.lang.String)[pri:0, instance:com.qa.demoshop.tests.RegisterTest@3576ddc2]" started-at="2026-06-26T14:12:03 IST" name="setUp" finished-at="2026-06-26T14:12:23 IST" duration-ms="20638" status="PASS">
          <params>
            <param index="0">
              <value>
                <![CDATA[chrome]]>
              </value>
            </param>
          </params>
          <reporter-output>
            <line>
              <![CDATA[== THIS IS EXECUTING IN HEADLESS MODE]]>
            </line>
            <line>
              <![CDATA[== IT IS EXECUTING IN CHROME BROWSER==]]>
            </line>
          </reporter-output>
        </test-method> <!-- setUp -->
        <test-method signature="verifyRegisterPage()[pri:0, instance:com.qa.demoshop.tests.RegisterTest@3576ddc2]" started-at="2026-06-26T14:12:24 IST" name="verifyRegisterPage" finished-at="2026-06-26T14:12:27 IST" duration-ms="3198" status="PASS">
          <reporter-output>
            <line>
              <![CDATA[===verifyRegisterPageEXECUTION STARTED====]]>
            </line>
            <line>
              <![CDATA[===verifyRegisterPagePASSED===]]>
            </line>
          </reporter-output>
        </test-method> <!-- verifyRegisterPage -->
        <test-method is-config="true" signature="tearDown()[pri:0, instance:com.qa.demoshop.tests.RegisterTest@3576ddc2]" started-at="2026-06-26T14:12:27 IST" name="tearDown" finished-at="2026-06-26T14:12:32 IST" duration-ms="4790" status="PASS">
          <reporter-output>
          </reporter-output>
        </test-method> <!-- tearDown -->
        <test-method is-config="true" signature="setUp(java.lang.String)[pri:0, instance:com.qa.demoshop.tests.RegisterTest@3576ddc2]" started-at="2026-06-26T14:12:32 IST" name="setUp" finished-at="2026-06-26T14:12:38 IST" duration-ms="6815" status="PASS">
          <params>
            <param index="0">
              <value>
                <![CDATA[chrome]]>
              </value>
            </param>
          </params>
          <reporter-output>
            <line>
              <![CDATA[== THIS IS EXECUTING IN HEADLESS MODE]]>
            </line>
            <line>
              <![CDATA[== IT IS EXECUTING IN CHROME BROWSER==]]>
            </line>
          </reporter-output>
        </test-method> <!-- setUp -->
        <test-method retried="true" signature="resgisterShopper()[pri:1, instance:com.qa.demoshop.tests.RegisterTest@3576ddc2]" started-at="2026-06-26T14:12:38 IST" name="resgisterShopper" finished-at="2026-06-26T14:12:47 IST" duration-ms="8565" status="SKIP">
          <exception class="java.lang.AssertionError">
            <message>
              <![CDATA[null]]>
            </message>
            <full-stacktrace>
              <![CDATA[java.lang.AssertionError: null
at org.testng.Assert.fail(Assert.java:111)
at org.testng.Assert.fail(Assert.java:116)
at com.qa.demoshop.tests.RegisterTest.resgisterShopper(RegisterTest.java:56)
at java.base/jdk.internal.reflect.NativeMethodAccessorImpl.invoke0(Native Method)
at java.base/jdk.internal.reflect.NativeMethodAccessorImpl.invoke(NativeMethodAccessorImpl.java:77)
at java.base/jdk.internal.reflect.DelegatingMethodAccessorImpl.invoke(DelegatingMethodAccessorImpl.java:43)
at java.base/java.lang.reflect.Method.invoke(Method.java:568)
at org.testng.internal.invokers.MethodInvocationHelper.invokeMethod(MethodInvocationHelper.java:141)
at org.testng.internal.invokers.TestInvoker.invokeMethod(TestInvoker.java:687)
at org.testng.internal.invokers.TestInvoker.invokeTestMethod(TestInvoker.java:230)
at org.testng.internal.invokers.MethodRunner.runInSequence(MethodRunner.java:63)
at org.testng.internal.invokers.TestInvoker$MethodInvocationAgent.invoke(TestInvoker.java:995)
at org.testng.internal.invokers.TestInvoker.invokeTestMethods(TestInvoker.java:203)
at org.testng.internal.invokers.TestMethodWorker.invokeTestMethods(TestMethodWorker.java:154)
at org.testng.internal.invokers.TestMethodWorker.run(TestMethodWorker.java:134)
at java.base/java.util.ArrayList.forEach(ArrayList.java:1511)
at org.testng.TestRunner.privateRun(TestRunner.java:741)
at org.testng.TestRunner.run(TestRunner.java:616)
at org.testng.SuiteRunner.runTest(SuiteRunner.java:421)
at org.testng.SuiteRunner$SuiteWorker.run(SuiteRunner.java:463)
at org.testng.internal.thread.ThreadUtil.lambda$execute$0(ThreadUtil.java:64)
at java.base/java.util.concurrent.FutureTask.run(FutureTask.java:264)
at java.base/java.util.concurrent.ThreadPoolExecutor.runWorker(ThreadPoolExecutor.java:1136)
at java.base/java.util.concurrent.ThreadPoolExecutor$Worker.run(ThreadPoolExecutor.java:635)
at java.base/java.lang.Thread.run(Thread.java:842)
]]>
            </full-stacktrace>
          </exception> <!-- java.lang.AssertionError -->
          <reporter-output>
            <line>
              <![CDATA[===resgisterShopperEXECUTION STARTED====]]>
            </line>
            <line>
              <![CDATA[===resgisterShopperSKIPPED===]]>
            </line>
          </reporter-output>
        </test-method> <!-- resgisterShopper -->
        <test-method is-config="true" signature="tearDown()[pri:0, instance:com.qa.demoshop.tests.RegisterTest@3576ddc2]" started-at="2026-06-26T14:12:47 IST" name="tearDown" finished-at="2026-06-26T14:12:49 IST" duration-ms="1587" status="PASS">
          <reporter-output>
          </reporter-output>
        </test-method> <!-- tearDown -->
        <test-method is-config="true" signature="setUp(java.lang.String)[pri:0, instance:com.qa.demoshop.tests.RegisterTest@3576ddc2]" started-at="2026-06-26T14:12:49 IST" name="setUp" finished-at="2026-06-26T14:12:52 IST" duration-ms="3741" status="PASS">
          <params>
            <param index="0">
              <value>
                <![CDATA[chrome]]>
              </value>
            </param>
          </params>
          <reporter-output>
            <line>
              <![CDATA[== THIS IS EXECUTING IN HEADLESS MODE]]>
            </line>
            <line>
              <![CDATA[== IT IS EXECUTING IN CHROME BROWSER==]]>
            </line>
          </reporter-output>
        </test-method> <!-- setUp -->
        <test-method retried="true" signature="resgisterShopper()[pri:1, instance:com.qa.demoshop.tests.RegisterTest@3576ddc2]" started-at="2026-06-26T14:12:52 IST" name="resgisterShopper" finished-at="2026-06-26T14:13:00 IST" duration-ms="7347" status="SKIP">
          <exception class="java.lang.AssertionError">
            <message>
              <![CDATA[null]]>
            </message>
            <full-stacktrace>
              <![CDATA[java.lang.AssertionError: null
at org.testng.Assert.fail(Assert.java:111)
at org.testng.Assert.fail(Assert.java:116)
at com.qa.demoshop.tests.RegisterTest.resgisterShopper(RegisterTest.java:56)
at java.base/jdk.internal.reflect.NativeMethodAccessorImpl.invoke0(Native Method)
at java.base/jdk.internal.reflect.NativeMethodAccessorImpl.invoke(NativeMethodAccessorImpl.java:77)
at java.base/jdk.internal.reflect.DelegatingMethodAccessorImpl.invoke(DelegatingMethodAccessorImpl.java:43)
at java.base/java.lang.reflect.Method.invoke(Method.java:568)
at org.testng.internal.invokers.MethodInvocationHelper.invokeMethod(MethodInvocationHelper.java:141)
at org.testng.internal.invokers.TestInvoker.invokeMethod(TestInvoker.java:687)
at org.testng.internal.invokers.TestInvoker.retryFailed(TestInvoker.java:269)
at org.testng.internal.invokers.MethodRunner.runInSequence(MethodRunner.java:76)
at org.testng.internal.invokers.TestInvoker$MethodInvocationAgent.invoke(TestInvoker.java:995)
at org.testng.internal.invokers.TestInvoker.invokeTestMethods(TestInvoker.java:203)
at org.testng.internal.invokers.TestMethodWorker.invokeTestMethods(TestMethodWorker.java:154)
at org.testng.internal.invokers.TestMethodWorker.run(TestMethodWorker.java:134)
at java.base/java.util.ArrayList.forEach(ArrayList.java:1511)
at org.testng.TestRunner.privateRun(TestRunner.java:741)
at org.testng.TestRunner.run(TestRunner.java:616)
at org.testng.SuiteRunner.runTest(SuiteRunner.java:421)
at org.testng.SuiteRunner$SuiteWorker.run(SuiteRunner.java:463)
at org.testng.internal.thread.ThreadUtil.lambda$execute$0(ThreadUtil.java:64)
at java.base/java.util.concurrent.FutureTask.run(FutureTask.java:264)
at java.base/java.util.concurrent.ThreadPoolExecutor.runWorker(ThreadPoolExecutor.java:1136)
at java.base/java.util.concurrent.ThreadPoolExecutor$Worker.run(ThreadPoolExecutor.java:635)
at java.base/java.lang.Thread.run(Thread.java:842)
]]>
            </full-stacktrace>
          </exception> <!-- java.lang.AssertionError -->
          <reporter-output>
            <line>
              <![CDATA[===resgisterShopperEXECUTION STARTED====]]>
            </line>
            <line>
              <![CDATA[===resgisterShopperSKIPPED===]]>
            </line>
          </reporter-output>
        </test-method> <!-- resgisterShopper -->
        <test-method is-config="true" signature="tearDown()[pri:0, instance:com.qa.demoshop.tests.RegisterTest@3576ddc2]" started-at="2026-06-26T14:13:00 IST" name="tearDown" finished-at="2026-06-26T14:13:02 IST" duration-ms="1743" status="PASS">
          <reporter-output>
          </reporter-output>
        </test-method> <!-- tearDown -->
        <test-method is-config="true" signature="setUp(java.lang.String)[pri:0, instance:com.qa.demoshop.tests.RegisterTest@3576ddc2]" started-at="2026-06-26T14:13:02 IST" name="setUp" finished-at="2026-06-26T14:13:09 IST" duration-ms="7080" status="PASS">
          <params>
            <param index="0">
              <value>
                <![CDATA[chrome]]>
              </value>
            </param>
          </params>
          <reporter-output>
            <line>
              <![CDATA[== THIS IS EXECUTING IN HEADLESS MODE]]>
            </line>
            <line>
              <![CDATA[== IT IS EXECUTING IN CHROME BROWSER==]]>
            </line>
          </reporter-output>
        </test-method> <!-- setUp -->
        <test-method retried="true" signature="resgisterShopper()[pri:1, instance:com.qa.demoshop.tests.RegisterTest@3576ddc2]" started-at="2026-06-26T14:13:09 IST" name="resgisterShopper" finished-at="2026-06-26T14:13:16 IST" duration-ms="6877" status="SKIP">
          <exception class="java.lang.AssertionError">
            <message>
              <![CDATA[null]]>
            </message>
            <full-stacktrace>
              <![CDATA[java.lang.AssertionError: null
at org.testng.Assert.fail(Assert.java:111)
at org.testng.Assert.fail(Assert.java:116)
at com.qa.demoshop.tests.RegisterTest.resgisterShopper(RegisterTest.java:56)
at java.base/jdk.internal.reflect.NativeMethodAccessorImpl.invoke0(Native Method)
at java.base/jdk.internal.reflect.NativeMethodAccessorImpl.invoke(NativeMethodAccessorImpl.java:77)
at java.base/jdk.internal.reflect.DelegatingMethodAccessorImpl.invoke(DelegatingMethodAccessorImpl.java:43)
at java.base/java.lang.reflect.Method.invoke(Method.java:568)
at org.testng.internal.invokers.MethodInvocationHelper.invokeMethod(MethodInvocationHelper.java:141)
at org.testng.internal.invokers.TestInvoker.invokeMethod(TestInvoker.java:687)
at org.testng.internal.invokers.TestInvoker.retryFailed(TestInvoker.java:269)
at org.testng.internal.invokers.MethodRunner.runInSequence(MethodRunner.java:76)
at org.testng.internal.invokers.TestInvoker$MethodInvocationAgent.invoke(TestInvoker.java:995)
at org.testng.internal.invokers.TestInvoker.invokeTestMethods(TestInvoker.java:203)
at org.testng.internal.invokers.TestMethodWorker.invokeTestMethods(TestMethodWorker.java:154)
at org.testng.internal.invokers.TestMethodWorker.run(TestMethodWorker.java:134)
at java.base/java.util.ArrayList.forEach(ArrayList.java:1511)
at org.testng.TestRunner.privateRun(TestRunner.java:741)
at org.testng.TestRunner.run(TestRunner.java:616)
at org.testng.SuiteRunner.runTest(SuiteRunner.java:421)
at org.testng.SuiteRunner$SuiteWorker.run(SuiteRunner.java:463)
at org.testng.internal.thread.ThreadUtil.lambda$execute$0(ThreadUtil.java:64)
at java.base/java.util.concurrent.FutureTask.run(FutureTask.java:264)
at java.base/java.util.concurrent.ThreadPoolExecutor.runWorker(ThreadPoolExecutor.java:1136)
at java.base/java.util.concurrent.ThreadPoolExecutor$Worker.run(ThreadPoolExecutor.java:635)
at java.base/java.lang.Thread.run(Thread.java:842)
]]>
            </full-stacktrace>
          </exception> <!-- java.lang.AssertionError -->
          <reporter-output>
            <line>
              <![CDATA[===resgisterShopperEXECUTION STARTED====]]>
            </line>
            <line>
              <![CDATA[===resgisterShopperSKIPPED===]]>
            </line>
          </reporter-output>
        </test-method> <!-- resgisterShopper -->
        <test-method is-config="true" signature="tearDown()[pri:0, instance:com.qa.demoshop.tests.RegisterTest@3576ddc2]" started-at="2026-06-26T14:13:16 IST" name="tearDown" finished-at="2026-06-26T14:13:18 IST" duration-ms="2818" status="PASS">
          <reporter-output>
          </reporter-output>
        </test-method> <!-- tearDown -->
        <test-method is-config="true" signature="setUp(java.lang.String)[pri:0, instance:com.qa.demoshop.tests.RegisterTest@3576ddc2]" started-at="2026-06-26T14:13:18 IST" name="setUp" finished-at="2026-06-26T14:13:24 IST" duration-ms="5346" status="PASS">
          <params>
            <param index="0">
              <value>
                <![CDATA[chrome]]>
              </value>
            </param>
          </params>
          <reporter-output>
            <line>
              <![CDATA[== THIS IS EXECUTING IN HEADLESS MODE]]>
            </line>
            <line>
              <![CDATA[== IT IS EXECUTING IN CHROME BROWSER==]]>
            </line>
          </reporter-output>
        </test-method> <!-- setUp -->
        <test-method signature="resgisterShopper()[pri:1, instance:com.qa.demoshop.tests.RegisterTest@3576ddc2]" started-at="2026-06-26T14:13:24 IST" name="resgisterShopper" finished-at="2026-06-26T14:13:29 IST" duration-ms="5467" status="FAIL">
          <exception class="java.lang.AssertionError">
            <message>
              <![CDATA[null]]>
            </message>
            <full-stacktrace>
              <![CDATA[java.lang.AssertionError: null
at org.testng.Assert.fail(Assert.java:111)
at org.testng.Assert.fail(Assert.java:116)
at com.qa.demoshop.tests.RegisterTest.resgisterShopper(RegisterTest.java:56)
at java.base/jdk.internal.reflect.NativeMethodAccessorImpl.invoke0(Native Method)
at java.base/jdk.internal.reflect.NativeMethodAccessorImpl.invoke(NativeMethodAccessorImpl.java:77)
at java.base/jdk.internal.reflect.DelegatingMethodAccessorImpl.invoke(DelegatingMethodAccessorImpl.java:43)
at java.base/java.lang.reflect.Method.invoke(Method.java:568)
at org.testng.internal.invokers.MethodInvocationHelper.invokeMethod(MethodInvocationHelper.java:141)
at org.testng.internal.invokers.TestInvoker.invokeMethod(TestInvoker.java:687)
at org.testng.internal.invokers.TestInvoker.retryFailed(TestInvoker.java:269)
at org.testng.internal.invokers.MethodRunner.runInSequence(MethodRunner.java:76)
at org.testng.internal.invokers.TestInvoker$MethodInvocationAgent.invoke(TestInvoker.java:995)
at org.testng.internal.invokers.TestInvoker.invokeTestMethods(TestInvoker.java:203)
at org.testng.internal.invokers.TestMethodWorker.invokeTestMethods(TestMethodWorker.java:154)
at org.testng.internal.invokers.TestMethodWorker.run(TestMethodWorker.java:134)
at java.base/java.util.ArrayList.forEach(ArrayList.java:1511)
at org.testng.TestRunner.privateRun(TestRunner.java:741)
at org.testng.TestRunner.run(TestRunner.java:616)
at org.testng.SuiteRunner.runTest(SuiteRunner.java:421)
at org.testng.SuiteRunner$SuiteWorker.run(SuiteRunner.java:463)
at org.testng.internal.thread.ThreadUtil.lambda$execute$0(ThreadUtil.java:64)
at java.base/java.util.concurrent.FutureTask.run(FutureTask.java:264)
at java.base/java.util.concurrent.ThreadPoolExecutor.runWorker(ThreadPoolExecutor.java:1136)
at java.base/java.util.concurrent.ThreadPoolExecutor$Worker.run(ThreadPoolExecutor.java:635)
at java.base/java.lang.Thread.run(Thread.java:842)
]]>
            </full-stacktrace>
          </exception> <!-- java.lang.AssertionError -->
          <reporter-output>
            <line>
              <![CDATA[===resgisterShopperEXECUTION STARTED====]]>
            </line>
            <line>
              <![CDATA[===resgisterShopperFAILED===]]>
            </line>
          </reporter-output>
        </test-method> <!-- resgisterShopper -->
        <test-method is-config="true" signature="tearDown()[pri:0, instance:com.qa.demoshop.tests.RegisterTest@3576ddc2]" started-at="2026-06-26T14:13:29 IST" name="tearDown" finished-at="2026-06-26T14:13:32 IST" duration-ms="2432" status="PASS">
          <reporter-output>
          </reporter-output>
        </test-method> <!-- tearDown -->
      </class> <!-- com.qa.demoshop.tests.RegisterTest -->
    </test> <!-- ChromeBrowser -->
    <test started-at="2026-06-26T14:12:02 IST" name="FirefoxBrowser" finished-at="2026-06-26T14:13:34 IST" duration-ms="92023">
      <class name="com.qa.demoshop.tests.RegisterTest">
        <test-method is-config="true" signature="setUp(java.lang.String)[pri:0, instance:com.qa.demoshop.tests.RegisterTest@50313382]" started-at="2026-06-26T14:12:03 IST" name="setUp" finished-at="2026-06-26T14:12:24 IST" duration-ms="21391" status="PASS">
          <params>
            <param index="0">
              <value>
                <![CDATA[firefox]]>
              </value>
            </param>
          </params>
          <reporter-output>
            <line>
              <![CDATA[== THIS IS EXECUTING IN HEADLESS MODE]]>
            </line>
            <line>
              <![CDATA[== IT IS EXECUTING IN FireFox BROWSER==]]>
            </line>
          </reporter-output>
        </test-method> <!-- setUp -->
        <test-method signature="verifyRegisterPage()[pri:0, instance:com.qa.demoshop.tests.RegisterTest@50313382]" started-at="2026-06-26T14:12:24 IST" name="verifyRegisterPage" finished-at="2026-06-26T14:12:27 IST" duration-ms="2354" status="PASS">
          <reporter-output>
            <line>
              <![CDATA[===verifyRegisterPageEXECUTION STARTED====]]>
            </line>
            <line>
              <![CDATA[===verifyRegisterPagePASSED===]]>
            </line>
          </reporter-output>
        </test-method> <!-- verifyRegisterPage -->
        <test-method is-config="true" signature="tearDown()[pri:0, instance:com.qa.demoshop.tests.RegisterTest@50313382]" started-at="2026-06-26T14:12:27 IST" name="tearDown" finished-at="2026-06-26T14:12:33 IST" duration-ms="6401" status="PASS">
          <reporter-output>
          </reporter-output>
        </test-method> <!-- tearDown -->
        <test-method is-config="true" signature="setUp(java.lang.String)[pri:0, instance:com.qa.demoshop.tests.RegisterTest@50313382]" started-at="2026-06-26T14:12:33 IST" name="setUp" finished-at="2026-06-26T14:12:44 IST" duration-ms="11126" status="PASS">
          <params>
            <param index="0">
              <value>
                <![CDATA[firefox]]>
              </value>
            </param>
          </params>
          <reporter-output>
            <line>
              <![CDATA[== THIS IS EXECUTING IN HEADLESS MODE]]>
            </line>
            <line>
              <![CDATA[== IT IS EXECUTING IN FireFox BROWSER==]]>
            </line>
          </reporter-output>
        </test-method> <!-- setUp -->
        <test-method retried="true" signature="resgisterShopper()[pri:1, instance:com.qa.demoshop.tests.RegisterTest@50313382]" started-at="2026-06-26T14:12:44 IST" name="resgisterShopper" finished-at="2026-06-26T14:12:48 IST" duration-ms="3643" status="SKIP">
          <exception class="java.lang.AssertionError">
            <message>
              <![CDATA[null]]>
            </message>
            <full-stacktrace>
              <![CDATA[java.lang.AssertionError: null
at org.testng.Assert.fail(Assert.java:111)
at org.testng.Assert.fail(Assert.java:116)
at com.qa.demoshop.tests.RegisterTest.resgisterShopper(RegisterTest.java:56)
at java.base/jdk.internal.reflect.NativeMethodAccessorImpl.invoke0(Native Method)
at java.base/jdk.internal.reflect.NativeMethodAccessorImpl.invoke(NativeMethodAccessorImpl.java:77)
at java.base/jdk.internal.reflect.DelegatingMethodAccessorImpl.invoke(DelegatingMethodAccessorImpl.java:43)
at java.base/java.lang.reflect.Method.invoke(Method.java:568)
at org.testng.internal.invokers.MethodInvocationHelper.invokeMethod(MethodInvocationHelper.java:141)
at org.testng.internal.invokers.TestInvoker.invokeMethod(TestInvoker.java:687)
at org.testng.internal.invokers.TestInvoker.invokeTestMethod(TestInvoker.java:230)
at org.testng.internal.invokers.MethodRunner.runInSequence(MethodRunner.java:63)
at org.testng.internal.invokers.TestInvoker$MethodInvocationAgent.invoke(TestInvoker.java:995)
at org.testng.internal.invokers.TestInvoker.invokeTestMethods(TestInvoker.java:203)
at org.testng.internal.invokers.TestMethodWorker.invokeTestMethods(TestMethodWorker.java:154)
at org.testng.internal.invokers.TestMethodWorker.run(TestMethodWorker.java:134)
at java.base/java.util.ArrayList.forEach(ArrayList.java:1511)
at org.testng.TestRunner.privateRun(TestRunner.java:741)
at org.testng.TestRunner.run(TestRunner.java:616)
at org.testng.SuiteRunner.runTest(SuiteRunner.java:421)
at org.testng.SuiteRunner$SuiteWorker.run(SuiteRunner.java:463)
at org.testng.internal.thread.ThreadUtil.lambda$execute$0(ThreadUtil.java:64)
at java.base/java.util.concurrent.FutureTask.run(FutureTask.java:264)
at java.base/java.util.concurrent.ThreadPoolExecutor.runWorker(ThreadPoolExecutor.java:1136)
at java.base/java.util.concurrent.ThreadPoolExecutor$Worker.run(ThreadPoolExecutor.java:635)
at java.base/java.lang.Thread.run(Thread.java:842)
]]>
            </full-stacktrace>
          </exception> <!-- java.lang.AssertionError -->
          <reporter-output>
            <line>
              <![CDATA[===resgisterShopperEXECUTION STARTED====]]>
            </line>
            <line>
              <![CDATA[===resgisterShopperSKIPPED===]]>
            </line>
          </reporter-output>
        </test-method> <!-- resgisterShopper -->
        <test-method is-config="true" signature="tearDown()[pri:0, instance:com.qa.demoshop.tests.RegisterTest@50313382]" started-at="2026-06-26T14:12:48 IST" name="tearDown" finished-at="2026-06-26T14:12:51 IST" duration-ms="3551" status="PASS">
          <reporter-output>
          </reporter-output>
        </test-method> <!-- tearDown -->
        <test-method is-config="true" signature="setUp(java.lang.String)[pri:0, instance:com.qa.demoshop.tests.RegisterTest@50313382]" started-at="2026-06-26T14:12:51 IST" name="setUp" finished-at="2026-06-26T14:13:00 IST" duration-ms="8924" status="PASS">
          <params>
            <param index="0">
              <value>
                <![CDATA[firefox]]>
              </value>
            </param>
          </params>
          <reporter-output>
            <line>
              <![CDATA[== THIS IS EXECUTING IN HEADLESS MODE]]>
            </line>
            <line>
              <![CDATA[== IT IS EXECUTING IN FireFox BROWSER==]]>
            </line>
          </reporter-output>
        </test-method> <!-- setUp -->
        <test-method retried="true" signature="resgisterShopper()[pri:1, instance:com.qa.demoshop.tests.RegisterTest@50313382]" started-at="2026-06-26T14:13:00 IST" name="resgisterShopper" finished-at="2026-06-26T14:13:03 IST" duration-ms="2908" status="SKIP">
          <exception class="java.lang.AssertionError">
            <message>
              <![CDATA[null]]>
            </message>
            <full-stacktrace>
              <![CDATA[java.lang.AssertionError: null
at org.testng.Assert.fail(Assert.java:111)
at org.testng.Assert.fail(Assert.java:116)
at com.qa.demoshop.tests.RegisterTest.resgisterShopper(RegisterTest.java:56)
at java.base/jdk.internal.reflect.NativeMethodAccessorImpl.invoke0(Native Method)
at java.base/jdk.internal.reflect.NativeMethodAccessorImpl.invoke(NativeMethodAccessorImpl.java:77)
at java.base/jdk.internal.reflect.DelegatingMethodAccessorImpl.invoke(DelegatingMethodAccessorImpl.java:43)
at java.base/java.lang.reflect.Method.invoke(Method.java:568)
at org.testng.internal.invokers.MethodInvocationHelper.invokeMethod(MethodInvocationHelper.java:141)
at org.testng.internal.invokers.TestInvoker.invokeMethod(TestInvoker.java:687)
at org.testng.internal.invokers.TestInvoker.retryFailed(TestInvoker.java:269)
at org.testng.internal.invokers.MethodRunner.runInSequence(MethodRunner.java:76)
at org.testng.internal.invokers.TestInvoker$MethodInvocationAgent.invoke(TestInvoker.java:995)
at org.testng.internal.invokers.TestInvoker.invokeTestMethods(TestInvoker.java:203)
at org.testng.internal.invokers.TestMethodWorker.invokeTestMethods(TestMethodWorker.java:154)
at org.testng.internal.invokers.TestMethodWorker.run(TestMethodWorker.java:134)
at java.base/java.util.ArrayList.forEach(ArrayList.java:1511)
at org.testng.TestRunner.privateRun(TestRunner.java:741)
at org.testng.TestRunner.run(TestRunner.java:616)
at org.testng.SuiteRunner.runTest(SuiteRunner.java:421)
at org.testng.SuiteRunner$SuiteWorker.run(SuiteRunner.java:463)
at org.testng.internal.thread.ThreadUtil.lambda$execute$0(ThreadUtil.java:64)
at java.base/java.util.concurrent.FutureTask.run(FutureTask.java:264)
at java.base/java.util.concurrent.ThreadPoolExecutor.runWorker(ThreadPoolExecutor.java:1136)
at java.base/java.util.concurrent.ThreadPoolExecutor$Worker.run(ThreadPoolExecutor.java:635)
at java.base/java.lang.Thread.run(Thread.java:842)
]]>
            </full-stacktrace>
          </exception> <!-- java.lang.AssertionError -->
          <reporter-output>
            <line>
              <![CDATA[===resgisterShopperEXECUTION STARTED====]]>
            </line>
            <line>
              <![CDATA[===resgisterShopperSKIPPED===]]>
            </line>
          </reporter-output>
        </test-method> <!-- resgisterShopper -->
        <test-method is-config="true" signature="tearDown()[pri:0, instance:com.qa.demoshop.tests.RegisterTest@50313382]" started-at="2026-06-26T14:13:03 IST" name="tearDown" finished-at="2026-06-26T14:13:06 IST" duration-ms="3061" status="PASS">
          <reporter-output>
          </reporter-output>
        </test-method> <!-- tearDown -->
        <test-method is-config="true" signature="setUp(java.lang.String)[pri:0, instance:com.qa.demoshop.tests.RegisterTest@50313382]" started-at="2026-06-26T14:13:06 IST" name="setUp" finished-at="2026-06-26T14:13:15 IST" duration-ms="8767" status="PASS">
          <params>
            <param index="0">
              <value>
                <![CDATA[firefox]]>
              </value>
            </param>
          </params>
          <reporter-output>
            <line>
              <![CDATA[== THIS IS EXECUTING IN HEADLESS MODE]]>
            </line>
            <line>
              <![CDATA[== IT IS EXECUTING IN FireFox BROWSER==]]>
            </line>
          </reporter-output>
        </test-method> <!-- setUp -->
        <test-method retried="true" signature="resgisterShopper()[pri:1, instance:com.qa.demoshop.tests.RegisterTest@50313382]" started-at="2026-06-26T14:13:15 IST" name="resgisterShopper" finished-at="2026-06-26T14:13:19 IST" duration-ms="3478" status="SKIP">
          <exception class="java.lang.AssertionError">
            <message>
              <![CDATA[null]]>
            </message>
            <full-stacktrace>
              <![CDATA[java.lang.AssertionError: null
at org.testng.Assert.fail(Assert.java:111)
at org.testng.Assert.fail(Assert.java:116)
at com.qa.demoshop.tests.RegisterTest.resgisterShopper(RegisterTest.java:56)
at java.base/jdk.internal.reflect.NativeMethodAccessorImpl.invoke0(Native Method)
at java.base/jdk.internal.reflect.NativeMethodAccessorImpl.invoke(NativeMethodAccessorImpl.java:77)
at java.base/jdk.internal.reflect.DelegatingMethodAccessorImpl.invoke(DelegatingMethodAccessorImpl.java:43)
at java.base/java.lang.reflect.Method.invoke(Method.java:568)
at org.testng.internal.invokers.MethodInvocationHelper.invokeMethod(MethodInvocationHelper.java:141)
at org.testng.internal.invokers.TestInvoker.invokeMethod(TestInvoker.java:687)
at org.testng.internal.invokers.TestInvoker.retryFailed(TestInvoker.java:269)
at org.testng.internal.invokers.MethodRunner.runInSequence(MethodRunner.java:76)
at org.testng.internal.invokers.TestInvoker$MethodInvocationAgent.invoke(TestInvoker.java:995)
at org.testng.internal.invokers.TestInvoker.invokeTestMethods(TestInvoker.java:203)
at org.testng.internal.invokers.TestMethodWorker.invokeTestMethods(TestMethodWorker.java:154)
at org.testng.internal.invokers.TestMethodWorker.run(TestMethodWorker.java:134)
at java.base/java.util.ArrayList.forEach(ArrayList.java:1511)
at org.testng.TestRunner.privateRun(TestRunner.java:741)
at org.testng.TestRunner.run(TestRunner.java:616)
at org.testng.SuiteRunner.runTest(SuiteRunner.java:421)
at org.testng.SuiteRunner$SuiteWorker.run(SuiteRunner.java:463)
at org.testng.internal.thread.ThreadUtil.lambda$execute$0(ThreadUtil.java:64)
at java.base/java.util.concurrent.FutureTask.run(FutureTask.java:264)
at java.base/java.util.concurrent.ThreadPoolExecutor.runWorker(ThreadPoolExecutor.java:1136)
at java.base/java.util.concurrent.ThreadPoolExecutor$Worker.run(ThreadPoolExecutor.java:635)
at java.base/java.lang.Thread.run(Thread.java:842)
]]>
            </full-stacktrace>
          </exception> <!-- java.lang.AssertionError -->
          <reporter-output>
            <line>
              <![CDATA[===resgisterShopperEXECUTION STARTED====]]>
            </line>
            <line>
              <![CDATA[===resgisterShopperSKIPPED===]]>
            </line>
          </reporter-output>
        </test-method> <!-- resgisterShopper -->
        <test-method is-config="true" signature="tearDown()[pri:0, instance:com.qa.demoshop.tests.RegisterTest@50313382]" started-at="2026-06-26T14:13:19 IST" name="tearDown" finished-at="2026-06-26T14:13:21 IST" duration-ms="2428" status="PASS">
          <reporter-output>
          </reporter-output>
        </test-method> <!-- tearDown -->
        <test-method is-config="true" signature="setUp(java.lang.String)[pri:0, instance:com.qa.demoshop.tests.RegisterTest@50313382]" started-at="2026-06-26T14:13:21 IST" name="setUp" finished-at="2026-06-26T14:13:30 IST" duration-ms="9115" status="PASS">
          <params>
            <param index="0">
              <value>
                <![CDATA[firefox]]>
              </value>
            </param>
          </params>
          <reporter-output>
            <line>
              <![CDATA[== THIS IS EXECUTING IN HEADLESS MODE]]>
            </line>
            <line>
              <![CDATA[== IT IS EXECUTING IN FireFox BROWSER==]]>
            </line>
          </reporter-output>
        </test-method> <!-- setUp -->
        <test-method signature="resgisterShopper()[pri:1, instance:com.qa.demoshop.tests.RegisterTest@50313382]" started-at="2026-06-26T14:13:30 IST" name="resgisterShopper" finished-at="2026-06-26T14:13:32 IST" duration-ms="2424" status="FAIL">
          <exception class="java.lang.AssertionError">
            <message>
              <![CDATA[null]]>
            </message>
            <full-stacktrace>
              <![CDATA[java.lang.AssertionError: null
at org.testng.Assert.fail(Assert.java:111)
at org.testng.Assert.fail(Assert.java:116)
at com.qa.demoshop.tests.RegisterTest.resgisterShopper(RegisterTest.java:56)
at java.base/jdk.internal.reflect.NativeMethodAccessorImpl.invoke0(Native Method)
at java.base/jdk.internal.reflect.NativeMethodAccessorImpl.invoke(NativeMethodAccessorImpl.java:77)
at java.base/jdk.internal.reflect.DelegatingMethodAccessorImpl.invoke(DelegatingMethodAccessorImpl.java:43)
at java.base/java.lang.reflect.Method.invoke(Method.java:568)
at org.testng.internal.invokers.MethodInvocationHelper.invokeMethod(MethodInvocationHelper.java:141)
at org.testng.internal.invokers.TestInvoker.invokeMethod(TestInvoker.java:687)
at org.testng.internal.invokers.TestInvoker.retryFailed(TestInvoker.java:269)
at org.testng.internal.invokers.MethodRunner.runInSequence(MethodRunner.java:76)
at org.testng.internal.invokers.TestInvoker$MethodInvocationAgent.invoke(TestInvoker.java:995)
at org.testng.internal.invokers.TestInvoker.invokeTestMethods(TestInvoker.java:203)
at org.testng.internal.invokers.TestMethodWorker.invokeTestMethods(TestMethodWorker.java:154)
at org.testng.internal.invokers.TestMethodWorker.run(TestMethodWorker.java:134)
at java.base/java.util.ArrayList.forEach(ArrayList.java:1511)
at org.testng.TestRunner.privateRun(TestRunner.java:741)
at org.testng.TestRunner.run(TestRunner.java:616)
at org.testng.SuiteRunner.runTest(SuiteRunner.java:421)
at org.testng.SuiteRunner$SuiteWorker.run(SuiteRunner.java:463)
at org.testng.internal.thread.ThreadUtil.lambda$execute$0(ThreadUtil.java:64)
at java.base/java.util.concurrent.FutureTask.run(FutureTask.java:264)
at java.base/java.util.concurrent.ThreadPoolExecutor.runWorker(ThreadPoolExecutor.java:1136)
at java.base/java.util.concurrent.ThreadPoolExecutor$Worker.run(ThreadPoolExecutor.java:635)
at java.base/java.lang.Thread.run(Thread.java:842)
]]>
            </full-stacktrace>
          </exception> <!-- java.lang.AssertionError -->
          <reporter-output>
            <line>
              <![CDATA[===resgisterShopperEXECUTION STARTED====]]>
            </line>
            <line>
              <![CDATA[===resgisterShopperFAILED===]]>
            </line>
          </reporter-output>
        </test-method> <!-- resgisterShopper -->
        <test-method is-config="true" signature="tearDown()[pri:0, instance:com.qa.demoshop.tests.RegisterTest@50313382]" started-at="2026-06-26T14:13:33 IST" name="tearDown" finished-at="2026-06-26T14:13:34 IST" duration-ms="1667" status="PASS">
          <reporter-output>
          </reporter-output>
        </test-method> <!-- tearDown -->
      </class> <!-- com.qa.demoshop.tests.RegisterTest -->
    </test> <!-- FirefoxBrowser -->
  </suite> <!-- Parallel Execution -->
</testng-results>
