<?xml version="1.0" encoding="UTF-8"?>
<!-- Generated by org.testng.reporters.JUnitReportReporter -->
<testsuite hostname="LAPTOP-M38JR7EH" failures="0" tests="1" name="com.qa.demoshop.tests.CheckOutTest" time="16.773" errors="0" timestamp="2026-06-03T15:08:16 IST" skipped="0">
  <testcase classname="com.qa.demoshop.tests.CheckOutTest" name="checkoutProduct" time="16.773"/>
  <system-out>
    <![CDATA[== IT IS EXECUTING IN CHROME BROWSER==]]>
  </system-out>
</testsuite> <!-- com.qa.demoshop.tests.CheckOutTest -->
