<?xml version="1.0" encoding="UTF-8"?>
<!-- Generated by org.testng.reporters.JUnitReportReporter -->
<testsuite hostname="LAPTOP-M38JR7EH" failures="0" tests="1" name="com.qa.demoshop.tests.LoginTestLaptop" time="10.156" errors="0" timestamp="2026-06-01T10:20:22 IST" skipped="0">
  <testcase classname="com.qa.demoshop.tests.LoginTestLaptop" name="guestCheLoginTestLaptopckout" time="10.156"/>
  <system-out>
    <![CDATA[== IT IS EXECUTING IN CHROME BROWSER==]]>
  </system-out>
</testsuite> <!-- com.qa.demoshop.tests.LoginTestLaptop -->
