<?xml version="1.0" encoding="UTF-8"?>
<!-- Generated by org.testng.reporters.JUnitReportReporter -->
<testsuite hostname="LAPTOP-M38JR7EH" failures="0" tests="1" name="com.qa.demoshop.tests.GuestWoRegister" time="15.504" errors="0" timestamp="2026-06-01T09:54:22 IST" skipped="0">
  <testcase classname="com.qa.demoshop.tests.GuestWoRegister" name="guestCheckout" time="15.504"/>
  <system-out>
    <![CDATA[== IT IS EXECUTING IN CHROME BROWSER==]]>
  </system-out>
</testsuite> <!-- com.qa.demoshop.tests.GuestWoRegister -->
