<?xml version="1.0" encoding="UTF-8"?>
<!-- Generated by org.testng.reporters.JUnitReportReporter -->
<testsuite hostname="LAPTOP-M38JR7EH" failures="3" tests="24" name="com.qa.demoshop.tests.RegisterTest" time="265.024" errors="0" timestamp="2026-06-26T14:13:35 IST" skipped="18">
  <testcase classname="com.qa.demoshop.tests.RegisterTest" name="verifyRegisterPage" time="25.579">
    <system-out>
      <![CDATA[===verifyRegisterPageEXECUTION STARTED====
===verifyRegisterPagePASSED===]]>
    </system-out>
  </testcase> <!-- verifyRegisterPage -->
  <testcase classname="com.qa.demoshop.tests.RegisterTest" name="verifyRegisterPage" time="5.964">
    <system-out>
      <![CDATA[===verifyRegisterPageEXECUTION STARTED====
===verifyRegisterPagePASSED===]]>
    </system-out>
  </testcase> <!-- verifyRegisterPage -->
  <testcase classname="com.qa.demoshop.tests.RegisterTest" name="verifyRegisterPage" time="27.296">
    <system-out>
      <![CDATA[===verifyRegisterPageEXECUTION STARTED====
===verifyRegisterPagePASSED===]]>
    </system-out>
  </testcase> <!-- verifyRegisterPage -->
  <testcase classname="com.qa.demoshop.tests.RegisterTest" name="resgisterShopper" time="14.451">
    <skipped/>
    <system-out>
      <![CDATA[===resgisterShopperEXECUTION STARTED====
===resgisterShopperSKIPPED===]]>
    </system-out>
  </testcase> <!-- resgisterShopper -->
  <testcase classname="com.qa.demoshop.tests.RegisterTest" name="resgisterShopper" time="16.611">
    <failure message="null" type="java.lang.AssertionError">
      <![CDATA[java.lang.AssertionError: null
at org.testng.Assert.fail(Assert.java:111)
at org.testng.Assert.fail(Assert.java:116)
at com.qa.demoshop.tests.RegisterTest.resgisterShopper(RegisterTest.java:56)
at java.base/jdk.internal.reflect.NativeMethodAccessorImpl.invoke0(Native Method)
at java.base/jdk.internal.reflect.NativeMethodAccessorImpl.invoke(NativeMethodAccessorImpl.java:77)
at java.base/jdk.internal.reflect.DelegatingMethodAccessorImpl.invoke(DelegatingMethodAccessorImpl.java:43)
at java.base/java.lang.reflect.Method.invoke(Method.java:568)
at org.testng.internal.invokers.MethodInvocationHelper.invokeMethod(MethodInvocationHelper.java:141)
at org.testng.internal.invokers.TestInvoker.invokeMethod(TestInvoker.java:687)
at org.testng.internal.invokers.TestInvoker.retryFailed(TestInvoker.java:269)
at org.testng.internal.invokers.MethodRunner.runInSequence(MethodRunner.java:76)
at org.testng.internal.invokers.TestInvoker$MethodInvocationAgent.invoke(TestInvoker.java:995)
at org.testng.internal.invokers.TestInvoker.invokeTestMethods(TestInvoker.java:203)
at org.testng.internal.invokers.TestMethodWorker.invokeTestMethods(TestMethodWorker.java:154)
at org.testng.internal.invokers.TestMethodWorker.run(TestMethodWorker.java:134)
at java.base/java.util.ArrayList.forEach(ArrayList.java:1511)
at org.testng.TestRunner.privateRun(TestRunner.java:741)
at org.testng.TestRunner.run(TestRunner.java:616)
at org.testng.SuiteRunner.runTest(SuiteRunner.java:421)
at org.testng.SuiteRunner$SuiteWorker.run(SuiteRunner.java:463)
at org.testng.internal.thread.ThreadUtil.lambda$execute$0(ThreadUtil.java:64)
at java.base/java.util.concurrent.FutureTask.run(FutureTask.java:264)
at java.base/java.util.concurrent.ThreadPoolExecutor.runWorker(ThreadPoolExecutor.java:1136)
at java.base/java.util.concurrent.ThreadPoolExecutor$Worker.run(ThreadPoolExecutor.java:635)
at java.base/java.lang.Thread.run(Thread.java:842)
]]>
    </failure>
    <system-out>
      <![CDATA[===resgisterShopperEXECUTION STARTED====
===resgisterShopperFAILED===]]>
    </system-out>
  </testcase> <!-- resgisterShopper -->
  <testcase classname="com.qa.demoshop.tests.RegisterTest" name="resgisterShopper" time="15.422">
    <skipped/>
    <system-out>
      <![CDATA[===resgisterShopperEXECUTION STARTED====
===resgisterShopperSKIPPED===]]>
    </system-out>
  </testcase> <!-- resgisterShopper -->
  <testcase classname="com.qa.demoshop.tests.RegisterTest" name="resgisterShopper" time="16.124">
    <skipped/>
    <system-out>
      <![CDATA[===resgisterShopperEXECUTION STARTED====
===resgisterShopperSKIPPED===]]>
    </system-out>
  </testcase> <!-- resgisterShopper -->
  <testcase classname="com.qa.demoshop.tests.RegisterTest" name="resgisterShopper" time="13.681">
    <skipped/>
    <system-out>
      <![CDATA[===resgisterShopperEXECUTION STARTED====
===resgisterShopperSKIPPED===]]>
    </system-out>
  </testcase> <!-- resgisterShopper -->
  <testcase classname="com.qa.demoshop.tests.RegisterTest" name="resgisterShopper" time="17.232">
    <skipped/>
    <system-out>
      <![CDATA[===resgisterShopperEXECUTION STARTED====
===resgisterShopperSKIPPED===]]>
    </system-out>
  </testcase> <!-- resgisterShopper -->
  <testcase classname="com.qa.demoshop.tests.RegisterTest" name="resgisterShopper" time="13.912">
    <skipped/>
    <system-out>
      <![CDATA[===resgisterShopperEXECUTION STARTED====
===resgisterShopperSKIPPED===]]>
    </system-out>
  </testcase> <!-- resgisterShopper -->
  <testcase classname="com.qa.demoshop.tests.RegisterTest" name="resgisterShopper" time="35.179">
    <failure message="null" type="java.lang.AssertionError">
      <![CDATA[java.lang.AssertionError: null
at org.testng.Assert.fail(Assert.java:111)
at org.testng.Assert.fail(Assert.java:116)
at com.qa.demoshop.tests.RegisterTest.resgisterShopper(RegisterTest.java:56)
at java.base/jdk.internal.reflect.NativeMethodAccessorImpl.invoke0(Native Method)
at java.base/jdk.internal.reflect.NativeMethodAccessorImpl.invoke(NativeMethodAccessorImpl.java:77)
at java.base/jdk.internal.reflect.DelegatingMethodAccessorImpl.invoke(DelegatingMethodAccessorImpl.java:43)
at java.base/java.lang.reflect.Method.invoke(Method.java:568)
at org.testng.internal.invokers.MethodInvocationHelper.invokeMethod(MethodInvocationHelper.java:141)
at org.testng.internal.invokers.TestInvoker.invokeMethod(TestInvoker.java:687)
at org.testng.internal.invokers.TestInvoker.retryFailed(TestInvoker.java:269)
at org.testng.internal.invokers.MethodRunner.runInSequence(MethodRunner.java:76)
at org.testng.internal.invokers.TestInvoker$MethodInvocationAgent.invoke(TestInvoker.java:995)
at org.testng.internal.invokers.TestInvoker.invokeTestMethods(TestInvoker.java:203)
at org.testng.internal.invokers.TestMethodWorker.invokeTestMethods(TestMethodWorker.java:154)
at org.testng.internal.invokers.TestMethodWorker.run(TestMethodWorker.java:134)
at java.base/java.util.ArrayList.forEach(ArrayList.java:1511)
at org.testng.TestRunner.privateRun(TestRunner.java:741)
at org.testng.TestRunner.run(TestRunner.java:616)
at org.testng.SuiteRunner.runTest(SuiteRunner.java:421)
at org.testng.SuiteRunner$SuiteWorker.run(SuiteRunner.java:463)
at org.testng.internal.thread.ThreadUtil.lambda$execute$0(ThreadUtil.java:64)
at java.base/java.util.concurrent.FutureTask.run(FutureTask.java:264)
at java.base/java.util.concurrent.ThreadPoolExecutor.runWorker(ThreadPoolExecutor.java:1136)
at java.base/java.util.concurrent.ThreadPoolExecutor$Worker.run(ThreadPoolExecutor.java:635)
at java.base/java.lang.Thread.run(Thread.java:842)
]]>
    </failure>
    <system-out>
      <![CDATA[===resgisterShopperEXECUTION STARTED====
===resgisterShopperFAILED===]]>
    </system-out>
  </testcase> <!-- resgisterShopper -->
  <testcase classname="com.qa.demoshop.tests.RegisterTest" name="resgisterShopper" time="15.878">
    <skipped/>
    <system-out>
      <![CDATA[===resgisterShopperEXECUTION STARTED====
===resgisterShopperSKIPPED===]]>
    </system-out>
  </testcase> <!-- resgisterShopper -->
  <testcase classname="com.qa.demoshop.tests.RegisterTest" name="resgisterShopper" time="18.968">
    <skipped/>
    <system-out>
      <![CDATA[===resgisterShopperEXECUTION STARTED====
===resgisterShopperSKIPPED===]]>
    </system-out>
  </testcase> <!-- resgisterShopper -->
  <testcase classname="com.qa.demoshop.tests.RegisterTest" name="resgisterShopper" time="13.631">
    <failure message="null" type="java.lang.AssertionError">
      <![CDATA[java.lang.AssertionError: null
at org.testng.Assert.fail(Assert.java:111)
at org.testng.Assert.fail(Assert.java:116)
at com.qa.demoshop.tests.RegisterTest.resgisterShopper(RegisterTest.java:56)
at java.base/jdk.internal.reflect.NativeMethodAccessorImpl.invoke0(Native Method)
at java.base/jdk.internal.reflect.NativeMethodAccessorImpl.invoke(NativeMethodAccessorImpl.java:77)
at java.base/jdk.internal.reflect.DelegatingMethodAccessorImpl.invoke(DelegatingMethodAccessorImpl.java:43)
at java.base/java.lang.reflect.Method.invoke(Method.java:568)
at org.testng.internal.invokers.MethodInvocationHelper.invokeMethod(MethodInvocationHelper.java:141)
at org.testng.internal.invokers.TestInvoker.invokeMethod(TestInvoker.java:687)
at org.testng.internal.invokers.TestInvoker.retryFailed(TestInvoker.java:269)
at org.testng.internal.invokers.MethodRunner.runInSequence(MethodRunner.java:76)
at org.testng.internal.invokers.TestInvoker$MethodInvocationAgent.invoke(TestInvoker.java:995)
at org.testng.internal.invokers.TestInvoker.invokeTestMethods(TestInvoker.java:203)
at org.testng.internal.invokers.TestMethodWorker.invokeTestMethods(TestMethodWorker.java:154)
at org.testng.internal.invokers.TestMethodWorker.run(TestMethodWorker.java:134)
at java.base/java.util.ArrayList.forEach(ArrayList.java:1511)
at org.testng.TestRunner.privateRun(TestRunner.java:741)
at org.testng.TestRunner.run(TestRunner.java:616)
at org.testng.SuiteRunner.runTest(SuiteRunner.java:421)
at org.testng.SuiteRunner$SuiteWorker.run(SuiteRunner.java:463)
at org.testng.internal.thread.ThreadUtil.lambda$execute$0(ThreadUtil.java:64)
at java.base/java.util.concurrent.FutureTask.run(FutureTask.java:264)
at java.base/java.util.concurrent.ThreadPoolExecutor.runWorker(ThreadPoolExecutor.java:1136)
at java.base/java.util.concurrent.ThreadPoolExecutor$Worker.run(ThreadPoolExecutor.java:635)
at java.base/java.lang.Thread.run(Thread.java:842)
]]>
    </failure>
    <system-out>
      <![CDATA[===resgisterShopperEXECUTION STARTED====
===resgisterShopperFAILED===]]>
    </system-out>
  </testcase> <!-- resgisterShopper -->
  <testcase classname="com.qa.demoshop.tests.RegisterTest" name="resgisterShopper" time="15.096">
    <skipped/>
    <system-out>
      <![CDATA[===resgisterShopperEXECUTION STARTED====
===resgisterShopperSKIPPED===]]>
    </system-out>
  </testcase> <!-- resgisterShopper -->
  <testcase classname="com.qa.demoshop.tests.RegisterTest" name="resgisterShopperfaker">
    <skipped/>
  </testcase> <!-- resgisterShopperfaker -->
  <testcase classname="com.qa.demoshop.tests.RegisterTest" name="registerMultipleUsers">
    <skipped/>
  </testcase> <!-- registerMultipleUsers -->
  <testcase classname="com.qa.demoshop.tests.RegisterTest" name="registerMultipleUsers">
    <skipped/>
  </testcase> <!-- registerMultipleUsers -->
  <testcase classname="com.qa.demoshop.tests.RegisterTest" name="mouseHoveringOnComputer">
    <skipped/>
  </testcase> <!-- mouseHoveringOnComputer -->
  <testcase classname="com.qa.demoshop.tests.RegisterTest" name="mouseHoveringOnComputer">
    <skipped/>
  </testcase> <!-- mouseHoveringOnComputer -->
  <testcase classname="com.qa.demoshop.tests.RegisterTest" name="resgisterShopperfaker">
    <skipped/>
  </testcase> <!-- resgisterShopperfaker -->
  <testcase classname="com.qa.demoshop.tests.RegisterTest" name="registerMultipleUsers">
    <skipped/>
  </testcase> <!-- registerMultipleUsers -->
  <testcase classname="com.qa.demoshop.tests.RegisterTest" name="mouseHoveringOnComputer">
    <skipped/>
  </testcase> <!-- mouseHoveringOnComputer -->
  <testcase classname="com.qa.demoshop.tests.RegisterTest" name="resgisterShopperfaker">
    <skipped/>
  </testcase> <!-- resgisterShopperfaker -->
  <system-out>
    <![CDATA[===EXECUTION STARTED===
== THIS IS EXECUTING IN HEADLESS MODE
===EXECUTION STARTED===
== THIS IS EXECUTING IN HEADLESS MODE
===EXECUTION STARTED===
== THIS IS EXECUTING IN HEADLESS MODE
== IT IS EXECUTING IN CHROME BROWSER==
== IT IS EXECUTING IN FireFox BROWSER==
===verifyRegisterPageEXECUTION STARTED====
== IT IS EXECUTING IN Edge BROWSER==
===verifyRegisterPageEXECUTION STARTED====
===verifyRegisterPagePASSED===
===verifyRegisterPagePASSED===
===verifyRegisterPageEXECUTION STARTED====
===verifyRegisterPagePASSED===
== THIS IS EXECUTING IN HEADLESS MODE
== THIS IS EXECUTING IN HEADLESS MODE
== THIS IS EXECUTING IN HEADLESS MODE
== IT IS EXECUTING IN CHROME BROWSER==
===resgisterShopperEXECUTION STARTED====
== IT IS EXECUTING IN Edge BROWSER==
== IT IS EXECUTING IN FireFox BROWSER==
===resgisterShopperEXECUTION STARTED====
===resgisterShopperEXECUTION STARTED====
===resgisterShopperSKIPPED===
===resgisterShopperSKIPPED===
===resgisterShopperSKIPPED===
== THIS IS EXECUTING IN HEADLESS MODE
== THIS IS EXECUTING IN HEADLESS MODE
== IT IS EXECUTING IN CHROME BROWSER==
== THIS IS EXECUTING IN HEADLESS MODE
== IT IS EXECUTING IN Edge BROWSER==
===resgisterShopperEXECUTION STARTED====
===resgisterShopperEXECUTION STARTED====
== IT IS EXECUTING IN FireFox BROWSER==
===resgisterShopperSKIPPED===
===resgisterShopperSKIPPED===
===resgisterShopperEXECUTION STARTED====
== THIS IS EXECUTING IN HEADLESS MODE
== THIS IS EXECUTING IN HEADLESS MODE
===resgisterShopperSKIPPED===
== IT IS EXECUTING IN CHROME BROWSER==
== IT IS EXECUTING IN Edge BROWSER==
===resgisterShopperEXECUTION STARTED====
== THIS IS EXECUTING IN HEADLESS MODE
===resgisterShopperEXECUTION STARTED====
== IT IS EXECUTING IN FireFox BROWSER==
===resgisterShopperSKIPPED===
===resgisterShopperEXECUTION STARTED====
===resgisterShopperSKIPPED===
== THIS IS EXECUTING IN HEADLESS MODE
== IT IS EXECUTING IN Edge BROWSER==
== THIS IS EXECUTING IN HEADLESS MODE
===resgisterShopperSKIPPED===
===resgisterShopperEXECUTION STARTED====
== IT IS EXECUTING IN CHROME BROWSER==
== THIS IS EXECUTING IN HEADLESS MODE
===resgisterShopperEXECUTION STARTED====
== IT IS EXECUTING IN FireFox BROWSER==
===resgisterShopperFAILED===
===resgisterShopperFAILED===
===resgisterShopperEXECUTION STARTED====
===resgisterShopperFAILED===]]>
  </system-out>
</testsuite> <!-- com.qa.demoshop.tests.RegisterTest -->
