<?xml version="1.0" encoding="UTF-8"?>
<!-- Generated by org.testng.reporters.JUnitXMLReporter -->
<testsuite ignored="3" hostname="LAPTOP-M38JR7EH" failures="1" tests="5" name="FirefoxBrowser" time="92.023" errors="0" timestamp="2026-06-26T14:13:34 IST">
  <testcase classname="com.qa.demoshop.tests.RegisterTest" name="verifyRegisterPage" time="2.354"/>
  <testcase classname="com.qa.demoshop.tests.RegisterTest" name="resgisterShopper" time="3.643">
    <skipped/>
  </testcase> <!-- resgisterShopper -->
  <testcase classname="com.qa.demoshop.tests.RegisterTest" name="resgisterShopper" time="2.908">
    <skipped/>
  </testcase> <!-- resgisterShopper -->
  <testcase classname="com.qa.demoshop.tests.RegisterTest" name="resgisterShopper" time="3.478">
    <skipped/>
  </testcase> <!-- resgisterShopper -->
  <testcase classname="com.qa.demoshop.tests.RegisterTest" name="resgisterShopper" time="2.424">
    <failure type="java.lang.AssertionError" message="null">
      <![CDATA[java.lang.AssertionError: null
at com.qa.demoshop.tests.RegisterTest.resgisterShopper(RegisterTest.java:56)
at java.base/java.util.ArrayList.forEach(ArrayList.java:1511)
at java.base/java.util.concurrent.FutureTask.run(FutureTask.java:264)
at java.base/java.util.concurrent.ThreadPoolExecutor.runWorker(ThreadPoolExecutor.java:1136)
at java.base/java.util.concurrent.ThreadPoolExecutor$Worker.run(ThreadPoolExecutor.java:635)
at java.base/java.lang.Thread.run(Thread.java:842)
... Removed 19 stack frames]]>
    </failure>
  </testcase> <!-- resgisterShopper -->
  <testcase classname="com.qa.demoshop.tests.RegisterTest" name="resgisterShopperfaker" time="0.0">
    <ignored/>
  </testcase> <!-- resgisterShopperfaker -->
  <testcase classname="com.qa.demoshop.tests.RegisterTest" name="registerMultipleUsers" time="0.0">
    <ignored/>
  </testcase> <!-- registerMultipleUsers -->
  <testcase classname="com.qa.demoshop.tests.RegisterTest" name="mouseHoveringOnComputer" time="0.0">
    <ignored/>
  </testcase> <!-- mouseHoveringOnComputer -->
</testsuite> <!-- FirefoxBrowser -->
